0 info it worked if it ends with ok
1 verbose cli [ 'node', '/usr/local/bin/npm', 'install', 'spm', '-g' ]
2 info using npm@1.4.7
3 info using node@v0.8.4
4 verbose cache add [ 'spm', null ]
5 verbose cache add name=undefined spec="spm" args=["spm",null]
6 verbose parsed url { pathname: 'spm', path: 'spm', href: 'spm' }
7 silly lockFile e03f10fa-spm spm
8 verbose lock spm /home/kathleen/.npm/e03f10fa-spm.lock
9 silly lockFile e03f10fa-spm spm
10 error Error: Attempt to unlock spm, which hasn't been locked
10 error     at unlock (/usr/local/lib/node_modules/npm/lib/cache.js:1410:11)
10 error     at cb (/usr/local/lib/node_modules/npm/lib/cache.js:901:5)
10 error     at /usr/local/lib/node_modules/npm/lib/cache.js:918:20
10 error     at /usr/local/lib/node_modules/npm/lib/cache.js:1396:7
10 error     at exports.lock (/usr/local/lib/node_modules/npm/node_modules/lockfile/lockfile.js:167:38)
10 error     at OpenReq.Req.done (/usr/local/lib/node_modules/npm/node_modules/graceful-fs/graceful-fs.js:144:5)
10 error     at OpenReq.done (/usr/local/lib/node_modules/npm/node_modules/graceful-fs/graceful-fs.js:64:22)
10 error     at Object.oncomplete (fs.js:297:15)
11 error If you need help, you may report this *entire* log,
11 error including the npm and node versions, at:
11 error     <http://github.com/npm/npm/issues>
12 error System Linux 3.2.0-61-generic
13 error command "node" "/usr/local/bin/npm" "install" "spm" "-g"
14 error cwd /home/kathleen/workspace/workspace-test
15 error node -v v0.8.4
16 error npm -v 1.4.7
17 verbose exit [ 1, true ]
